Arguments: 
  /home/rouclec/.nvm/versions/node/v18.15.0/bin/node /usr/local/bin/yarn add axios bcryptjs cookie-parser cors dotevn express express-mongo-sanitize express-rate-limit express-session helmet hpp html-to-text jsonwebtoken moment mongoose mongosee-unique-validator morgan multer nodemailer nodemon sharp slugify uuidv4 validator xlsx xss-clean

PATH: 
  /home/rouclec/.nvm/versions/node/v18.15.0/bin:/usr/local/sbin:/usr/local/bin:/usr/sbin:/usr/bin:/sbin:/bin:/usr/games:/usr/local/games:/snap/bin:/snap/bin:/home/rouclec/Android/Sdk/emulator:/home/rouclec/Android/Sdk/platform-tools

Yarn version: 
  1.22.19

Node version: 
  18.15.0

Platform: 
  linux x64

Trace: 
  Error: https://registry.yarnpkg.com/dotevn: Not found
      at params.callback [as _callback] (/usr/local/lib/node_modules/yarn/lib/cli.js:66145:18)
      at self.callback (/usr/local/lib/node_modules/yarn/lib/cli.js:140890:22)
      at Request.emit (node:events:513:28)
      at Request.<anonymous> (/usr/local/lib/node_modules/yarn/lib/cli.js:141862:10)
      at Request.emit (node:events:513:28)
      at IncomingMessage.<anonymous> (/usr/local/lib/node_modules/yarn/lib/cli.js:141784:12)
      at Object.onceWrapper (node:events:627:28)
      at IncomingMessage.emit (node:events:525:35)
      at endReadableNT (node:internal/streams/readable:1359:12)
      at process.processTicksAndRejections (node:internal/process/task_queues:82:21)

npm manifest: 
  {
    "name": "backendstartertemplate",
    "version": "1.0.0",
    "main": "server.js",
    "license": "MIT"
  }

yarn manifest: 
  No manifest

Lockfile: 
  No lockfile
